<?xml version="1.0" encoding="UTF-8"?>
<!-- Generated by org.testng.reporters.JUnitXMLReporter -->
<testsuite hostname="ASDA0024" name="Test" tests="4" failures="0" timestamp="31 Jul 2018 09:25:24 GMT" time="0.028" errors="0">
  <testcase name="test" time="0.006" classname="tests.Test1"/>
  <testcase name="secondTest" time="0.003" classname="tests.Test2"/>
  <testcase name="Testtwopointtwo" time="0.002" classname="tests.Test2"/>
  <testcase name="Testtwopointfour" time="0.002" classname="tests.Test2"/>
</testsuite> <!-- Test -->
