<?xml version="1.0" encoding="UTF-8"?>
<testng-results skipped="0" failed="0" total="1" passed="1">
  <reporter-output>
  </reporter-output>
  <suite name="Default suite" duration-ms="16" started-at="2018-07-19T09:02:38Z" finished-at="2018-07-19T09:02:38Z">
    <groups>
    </groups>
    <test name="Default test" duration-ms="16" started-at="2018-07-19T09:02:38Z" finished-at="2018-07-19T09:02:38Z">
      <class name="tests.Test1">
        <test-method status="PASS" signature="firstTest()[pri:0, instance:tests.Test1@18be83e4]" name="firstTest" is-config="true" duration-ms="6" started-at="2018-07-19T14:32:38Z" finished-at="2018-07-19T14:32:38Z">
          <reporter-output>
          </reporter-output>
        </test-method> <!-- firstTest -->
        <test-method status="PASS" signature="beforeTest()[pri:0, instance:tests.Test1@18be83e4]" name="beforeTest" is-config="true" duration-ms="1" started-at="2018-07-19T14:32:38Z" finished-at="2018-07-19T14:32:38Z">
          <reporter-output>
          </reporter-output>
        </test-method> <!-- beforeTest -->
        <test-method status="PASS" signature="beforeClass()[pri:0, instance:tests.Test1@18be83e4]" name="beforeClass" is-config="true" duration-ms="0" started-at="2018-07-19T14:32:38Z" finished-at="2018-07-19T14:32:38Z">
          <reporter-output>
          </reporter-output>
        </test-method> <!-- beforeClass -->
        <test-method status="PASS" signature="onlyTest()[pri:0, instance:tests.Test1@18be83e4]" name="onlyTest" duration-ms="5" started-at="2018-07-19T14:32:38Z" finished-at="2018-07-19T14:32:38Z">
          <reporter-output>
          </reporter-output>
        </test-method> <!-- onlyTest -->
        <test-method status="PASS" signature="beforeMethod()[pri:0, instance:tests.Test1@18be83e4]" name="beforeMethod" is-config="true" duration-ms="0" started-at="2018-07-19T14:32:38Z" finished-at="2018-07-19T14:32:38Z">
          <reporter-output>
          </reporter-output>
        </test-method> <!-- beforeMethod -->
        <test-method status="PASS" signature="afterMethod()[pri:0, instance:tests.Test1@18be83e4]" name="afterMethod" is-config="true" duration-ms="1" started-at="2018-07-19T14:32:38Z" finished-at="2018-07-19T14:32:38Z">
          <reporter-output>
          </reporter-output>
        </test-method> <!-- afterMethod -->
        <test-method status="PASS" signature="afterClass()[pri:0, instance:tests.Test1@18be83e4]" name="afterClass" is-config="true" duration-ms="0" started-at="2018-07-19T14:32:38Z" finished-at="2018-07-19T14:32:38Z">
          <reporter-output>
          </reporter-output>
        </test-method> <!-- afterClass -->
        <test-method status="PASS" signature="afterTest()[pri:0, instance:tests.Test1@18be83e4]" name="afterTest" is-config="true" duration-ms="0" started-at="2018-07-19T14:32:38Z" finished-at="2018-07-19T14:32:38Z">
          <reporter-output>
          </reporter-output>
        </test-method> <!-- afterTest -->
        <test-method status="PASS" signature="SecondTestOfFirstPAge()[pri:0, instance:tests.Test1@18be83e4]" name="SecondTestOfFirstPAge" is-config="true" duration-ms="1" started-at="2018-07-19T14:32:38Z" finished-at="2018-07-19T14:32:38Z">
          <reporter-output>
          </reporter-output>
        </test-method> <!-- SecondTestOfFirstPAge -->
      </class> <!-- tests.Test1 -->
    </test> <!-- Default test -->
  </suite> <!-- Default suite -->
</testng-results>
